number,value,datetime_start,datetime_complete,duration,params_batch_size,params_dropout,params_factor,params_kernel_size,params_l1_lambda,params_lr,params_num_channels,params_patience,params_seq_len,params_wd,state
0,inf,2026-02-12 10:49:15.019730,2026-02-12 10:49:15.019730,0 days 00:00:00,16,0.1989750266230205,0.4482269363307092,4,1.8536780369069837e-05,0.012983866671220666,"[128, 128, 128]",5,24,1.3598871561711122e-06,COMPLETE
1,inf,2026-02-12 10:49:15.279790,2026-02-12 10:49:15.287469,0 days 00:00:00.007679,32,0.3330294842450581,0.4758139309974318,4,3.2679743903963945e-05,0.001759460674617024,[128],10,12,3.228792386544481e-05,COMPLETE
2,inf,2026-02-12 10:49:15.289463,2026-02-12 10:49:15.292454,0 days 00:00:00.002991,16,0.170038471563223,0.4353305583117368,2,0.00041009977030460675,0.029327301979576993,[256],10,18,2.5826140190476998e-05,COMPLETE
3,inf,2026-02-12 10:49:15.292454,2026-02-12 10:49:15.292454,0 days 00:00:00,64,0.3419569704948402,0.48130437467845205,2,0.0016324013863789003,0.017091293188240275,"[256, 256, 256]",5,18,4.349998825827326e-06,COMPLETE
4,inf,2026-02-12 10:49:15.516559,2026-02-12 10:49:15.520236,0 days 00:00:00.003677,16,0.14962599611803618,0.38834800145155585,3,0.0003511641769080731,0.034842158670249784,"[64, 64, 64]",5,18,1.129551005367622e-06,COMPLETE
5,inf,2026-02-12 10:49:15.924735,2026-02-12 10:49:15.924735,0 days 00:00:00,64,0.3583269319815736,0.20075165299759085,4,0.002078212009970527,0.0013136247182734613,"[256, 256, 256]",5,18,6.653186689435437e-05,COMPLETE
6,inf,2026-02-12 10:49:16.132532,2026-02-12 10:49:16.135066,0 days 00:00:00.002534,16,0.2867770126236455,0.4366049035253943,5,1.6816916470127615e-05,0.009501990897790689,"[64, 64]",5,24,1.852789520419079e-05,COMPLETE
7,inf,2026-02-12 10:49:16.335635,2026-02-12 10:49:16.338847,0 days 00:00:00.003212,32,0.2733008032210475,0.38847635325106816,4,0.007626588230975054,0.02174916755702283,[128],5,18,3.91704013786805e-06,COMPLETE
8,inf,2026-02-12 10:49:16.341614,2026-02-12 10:49:16.345507,0 days 00:00:00.003893,64,0.1641107790685521,0.28258193300474294,5,0.0061213614605936766,0.011899244842955061,[64],10,18,1.4180381477643916e-06,COMPLETE
9,inf,2026-02-12 10:49:16.769087,2026-02-12 10:49:16.771796,0 days 00:00:00.002709,64,0.3397044111728209,0.4410937230525457,3,0.0003500145363581359,0.001035257522524868,"[64, 64]",5,18,2.031553043960681e-05,COMPLETE
10,inf,2026-02-12 10:49:16.773796,2026-02-12 10:49:16.791790,0 days 00:00:00.017994,16,0.16231936851211892,0.40664069754418153,4,0.00014132403410317383,0.012307304805738767,[256],5,24,3.156135296285568e-06,COMPLETE
11,inf,2026-02-12 10:49:17.212223,2026-02-12 10:49:17.229804,0 days 00:00:00.017581,32,0.31396330372269515,0.4659518815821387,5,4.654273259176535e-05,0.0016447400637135453,[128],10,12,2.33825585041397e-05,COMPLETE
12,inf,2026-02-12 10:49:17.436710,2026-02-12 10:49:17.458392,0 days 00:00:00.021682,16,0.2337259155024572,0.38612066602767026,4,1.031352181313412e-05,0.013110488212333415,"[128, 128, 128]",5,18,1.4465025534093315e-06,COMPLETE
13,inf,2026-02-12 10:49:17.658976,2026-02-12 10:49:17.708634,0 days 00:00:00.049658,16,0.15905078717669496,0.4906173091627859,3,2.4874316138994326e-05,0.005576720866129815,"[128, 128, 128]",5,24,5.7102270948097815e-06,COMPLETE
14,inf,2026-02-12 10:49:17.658976,2026-02-12 10:49:17.708634,0 days 00:00:00.049658,16,0.18330918714127242,0.48392645059434125,3,2.8101543109660022e-05,0.02431420836053358,"[128, 128, 128]",5,24,6.179087198756671e-06,COMPLETE
15,inf,2026-02-12 10:49:18.139982,2026-02-12 10:49:18.156543,0 days 00:00:00.016561,32,0.3557048251135518,0.34862698725320385,4,1.8058727867861468e-05,0.0018140504569254974,"[64, 64]",10,12,4.7847156291337434e-05,COMPLETE
16,inf,2026-02-12 10:49:18.157539,2026-02-12 10:49:18.175051,0 days 00:00:00.017512,32,0.22581770714285115,0.4424736560059755,4,5.800956712752498e-05,0.0006168217272563656,"[128, 128, 128]",10,24,1.1155976106341923e-05,COMPLETE
17,inf,2026-02-12 10:49:18.376763,2026-02-12 10:49:18.391897,0 days 00:00:00.015134,64,0.38149387744927543,0.4005272837253526,4,9.424219590478051e-05,0.0011281209521547318,[128],10,12,3.2534822132700074e-06,COMPLETE
18,inf,2026-02-12 10:49:18.817505,2026-02-12 10:49:18.832865,0 days 00:00:00.015360,16,0.22519921114695424,0.46797469257145274,4,2.159766628800985e-05,0.003565871717253197,[128],10,24,5.4437744427739884e-05,COMPLETE
19,inf,2026-02-12 10:49:18.835757,2026-02-12 10:49:18.851253,0 days 00:00:00.015496,32,0.11656414834546006,0.46029503391951887,5,4.9463783968451826e-05,0.02215750603931134,"[128, 128, 128]",10,24,1.00158960711584e-06,COMPLETE
20,inf,2026-02-12 10:49:19.279973,2026-02-12 10:49:19.296852,0 days 00:00:00.016879,32,0.3231526010648944,0.46748794341880684,4,1.3443974211942698e-05,0.005130749470328386,[128],5,18,1.1769438084618761e-05,COMPLETE
21,inf,2026-02-12 10:49:19.508374,2026-02-12 10:49:19.534445,0 days 00:00:00.026071,32,0.23913639904661116,0.4720614079626405,2,0.0001297528295432711,0.03674819299852026,"[64, 64]",10,18,2.7648124889001196e-05,COMPLETE
22,inf,2026-02-12 10:49:19.534445,2026-02-12 10:49:19.556051,0 days 00:00:00.021606,16,0.13721943361149053,0.4528861570120961,2,0.0034162779509180753,0.014571309691599576,[256],10,18,2.764301836896884e-05,COMPLETE
23,inf,2026-02-12 10:49:19.776699,2026-02-12 10:49:19.807121,0 days 00:00:00.030422,16,0.24985434943374582,0.46248657761496537,2,2.2715144446162983e-05,0.014911193418276555,"[128, 128]",5,24,1.1603462985745142e-06,COMPLETE
24,inf,2026-02-12 10:49:20.261090,2026-02-12 10:49:20.486022,0 days 00:00:00.224932,32,0.3600585126564232,0.4840298295629865,4,0.00014195789922822504,0.0007147940976137683,"[256, 256, 256]",10,12,4.928897031942709e-05,COMPLETE
25,inf,2026-02-12 10:49:20.275063,2026-02-12 10:49:20.491016,0 days 00:00:00.215953,16,0.2605320905602303,0.39927381705910914,3,7.220314974094566e-05,0.01562873377068104,[256],10,18,1.6674497136310972e-05,COMPLETE
26,inf,2026-02-12 10:49:20.703222,2026-02-12 10:49:20.749474,0 days 00:00:00.046252,16,0.23786210067554142,0.46851089580354444,5,0.0017322049899723922,0.030407251678617304,[64],10,12,1.903552296426471e-05,COMPLETE
27,inf,2026-02-12 10:49:20.720077,2026-02-12 10:49:20.969000,0 days 00:00:00.248923,16,0.18093182781958048,0.3540955602266169,2,0.0006265280670967892,0.042353711263530346,"[256, 256]",10,18,6.675879762357097e-05,COMPLETE
28,inf,2026-02-12 10:49:21.191503,2026-02-12 10:49:21.245406,0 days 00:00:00.053903,16,0.12055566936467917,0.43358426987949317,2,4.343053370684383e-05,0.0390273355757796,"[64, 64]",10,24,4.005492848872211e-05,COMPLETE
29,inf,2026-02-12 10:49:21.223193,2026-02-12 10:49:21.453493,0 days 00:00:00.230300,64,0.16739341644370456,0.4260622810509182,2,0.0001821339325112361,0.018531512225611457,"[256, 256, 256]",10,18,1.7347486727372675e-05,COMPLETE
30,inf,2026-02-12 10:49:21.454495,2026-02-12 10:49:21.485238,0 days 00:00:00.030743,32,0.26875095291551054,0.4872500854971474,4,7.086872997898754e-05,0.0009105838414484274,[128],10,18,5.828244105637156e-05,COMPLETE
31,inf,2026-02-12 10:49:21.721320,2026-02-12 10:49:21.741400,0 days 00:00:00.020080,64,0.34042257535528014,0.4871984241088625,2,0.0031643358610805514,0.02054997418880333,"[256, 256, 256]",5,18,3.5278120278061107e-06,COMPLETE
32,inf,2026-02-12 10:49:22.004080,2026-02-12 10:49:22.295231,0 days 00:00:00.291151,32,0.30251066330864895,0.434735280348519,4,4.6812439682355085e-05,0.00709603194456794,"[128, 128]",10,12,1.2506099502262876e-05,COMPLETE
33,inf,2026-02-12 10:49:22.508437,2026-02-12 10:49:22.552051,0 days 00:00:00.043614,16,0.2516384579054562,0.458618141511649,4,3.9781220971008856e-05,0.014234866241429564,"[128, 128, 128]",5,24,1.2789668364662232e-06,COMPLETE
34,inf,2026-02-12 10:49:22.791567,2026-02-12 10:49:23.075124,0 days 00:00:00.283557,64,0.12845210811242175,0.39757001119021834,4,2.2212489725605283e-05,0.003008785920435408,[128],5,24,1.8284627577421438e-06,COMPLETE
35,inf,2026-02-12 10:49:23.084535,2026-02-12 10:49:23.369212,0 days 00:00:00.284677,64,0.3684234199035874,0.49903451889786155,4,1.4993242502998148e-05,0.0027554818393384075,"[256, 256]",10,24,4.583154440650499e-05,COMPLETE
36,inf,2026-02-12 10:49:23.089861,2026-02-12 10:49:23.124923,0 days 00:00:00.035062,16,0.14620690124821997,0.45734718174014005,4,6.485777118806327e-05,0.02865202153450915,"[128, 128]",10,18,1.872040143965075e-05,COMPLETE
37,inf,2026-02-12 10:49:23.358289,2026-02-12 10:49:23.591613,0 days 00:00:00.233324,64,0.30189969265992117,0.479587786927826,5,0.0007828322144877144,0.012455274034795483,"[64, 64]",5,12,6.32059952817082e-06,COMPLETE
38,inf,2026-02-12 10:49:23.805375,2026-02-12 10:49:23.852635,0 days 00:00:00.047260,16,0.10397090553794751,0.44601984538731565,4,3.800167549724071e-05,0.007359805489737188,[64],5,12,1.0748839040306562e-06,COMPLETE
39,inf,2026-02-12 10:49:23.830222,2026-02-12 10:49:23.856636,0 days 00:00:00.026414,32,0.35649808975185654,0.48677483475385536,4,2.6852244132409756e-05,0.0012646412271948022,"[128, 128, 128]",10,12,9.960735796557683e-06,COMPLETE
40,inf,2026-02-12 10:49:24.308925,2026-02-12 10:49:24.337373,0 days 00:00:00.028448,32,0.3543151659051465,0.42068638008127907,4,2.835877427121247e-05,0.0014435799483989676,[128],5,12,4.5408310047929574e-05,COMPLETE
41,inf,2026-02-12 10:49:24.542191,2026-02-12 10:49:24.590199,0 days 00:00:00.048008,16,0.14755996090721474,0.3857281477075696,3,0.00038881818655695237,0.02832387003240289,"[64, 64, 64]",5,18,2.8206075667769853e-06,COMPLETE
42,inf,2026-02-12 10:49:24.571756,2026-02-12 10:49:24.810100,0 days 00:00:00.238344,16,0.18055287414238147,0.39871877107971393,3,0.001162441870854019,0.01853694178282186,"[256, 256]",5,18,1.1450777291131656e-06,COMPLETE
43,inf,2026-02-12 10:49:24.803591,2026-02-12 10:49:24.826677,0 days 00:00:00.023086,16,0.28788433138422054,0.4957039702950203,4,1.1405787933959064e-05,0.0007901808607603749,[128],10,12,2.365903709231018e-05,COMPLETE
44,inf,2026-02-12 10:49:25.242430,2026-02-12 10:49:25.481913,0 days 00:00:00.239483,64,0.1032368746183972,0.3822142371353421,2,0.0001251648775228881,0.033246083134821504,"[256, 256]",5,18,1.0187759997907463e-06,COMPLETE
45,inf,2026-02-12 10:49:25.485039,2026-02-12 10:49:25.740657,0 days 00:00:00.255618,16,0.16689425306500708,0.49205324102322073,5,2.1924231741395173e-05,0.015231287451441177,"[256, 256]",5,18,2.1474692403032306e-06,COMPLETE
46,inf,2026-02-12 10:49:25.489040,2026-02-12 10:49:25.738779,0 days 00:00:00.249739,16,0.12211290521211571,0.39447284155950746,5,0.0003966466621825729,0.03390581030843937,[256],5,18,1.0886035117406975e-06,COMPLETE
47,inf,2026-02-12 10:49:25.524933,2026-02-12 10:49:26.034696,0 days 00:00:00.509763,64,0.3934172968649099,0.45444830419031473,2,0.0003143713900100177,0.008921261225387783,[128],5,12,2.240822676195523e-06,COMPLETE
48,inf,2026-02-12 10:49:26.036865,2026-02-12 10:49:26.322411,0 days 00:00:00.285546,16,0.1395986226500959,0.37826541407975145,2,0.00041645803202280073,0.0409822258988542,[256],5,18,3.294154519844305e-05,COMPLETE
49,inf,2026-02-12 10:49:26.323212,2026-02-12 10:49:26.353589,0 days 00:00:00.030377,32,0.39429288301830245,0.44572477616530654,2,0.0010348834180855752,0.005377210170851552,"[256, 256, 256]",5,18,2.4188540554999016e-05,COMPLETE
50,inf,2026-02-12 10:49:26.805379,2026-02-12 10:49:27.051948,0 days 00:00:00.246569,64,0.3988775478202062,0.490988175163018,3,0.0018350883707212934,0.01706731207284789,"[64, 64, 64]",10,18,2.765286732618374e-06,COMPLETE
51,inf,2026-02-12 10:49:27.053962,2026-02-12 10:49:27.108046,0 days 00:00:00.054084,32,0.34019322760353654,0.3310678343513672,4,0.0011079429511254863,0.001992096855762501,[128],5,18,3.2248718421243773e-05,COMPLETE
52,inf,2026-02-12 10:49:27.055965,2026-02-12 10:49:27.105045,0 days 00:00:00.049080,64,0.3139481680660132,0.20837864086361588,4,0.0003174931814029183,0.00239741140814869,"[128, 128, 128]",5,18,3.8074033935754084e-05,COMPLETE
53,inf,2026-02-12 10:49:27.339919,2026-02-12 10:49:27.387387,0 days 00:00:00.047468,64,0.37173427501050155,0.2404337732286703,4,0.0047737077710551905,0.001360557687060615,"[256, 256, 256]",5,18,8.850109580597514e-05,COMPLETE
54,inf,2026-02-12 10:49:27.356520,2026-02-12 10:49:27.389389,0 days 00:00:00.032869,64,0.39572004216853324,0.2352499434863334,4,0.0053459566341046,0.0016913670546426884,"[256, 256, 256]",5,18,2.267866152676962e-05,COMPLETE
55,inf,2026-02-12 10:49:28.074986,2026-02-12 10:49:28.136293,0 days 00:00:00.061307,32,0.35978154820906016,0.44945616603541044,3,1.7840620429532764e-05,0.009188474400123943,[256],10,12,5.2139125451220826e-05,COMPLETE
56,inf,2026-02-12 10:49:28.106262,2026-02-12 10:49:28.131051,0 days 00:00:00.024789,32,0.3485820102392591,0.47572345077194034,4,0.00023470454967560285,0.003174893547160274,[128],10,12,3.875763163146963e-05,COMPLETE
57,inf,2026-02-12 10:49:28.651748,2026-02-12 10:49:28.674665,0 days 00:00:00.022917,16,0.299812249464125,0.2503847550817745,4,0.0007769080315531437,0.0005895066327142119,"[256, 256]",5,18,5.308802290890894e-05,COMPLETE
58,inf,2026-02-12 10:49:28.888085,2026-02-12 10:49:28.919705,0 days 00:00:00.031620,16,0.3953972666369366,0.480345881583464,2,0.0003549723503800922,0.015931141066112566,"[128, 128, 128]",5,18,4.8145636569033605e-06,COMPLETE
59,inf,2026-02-12 10:49:29.158312,2026-02-12 10:49:29.219030,0 days 00:00:00.060718,32,0.30337351821291925,0.21606446878142632,4,0.002343346595503248,0.0008407332359770807,"[256, 256, 256]",5,12,3.315811280978397e-05,COMPLETE
60,inf,2026-02-12 10:49:29.189033,2026-02-12 10:49:29.220034,0 days 00:00:00.031001,64,0.3711750541343821,0.274259751806107,2,0.004015047872168666,0.0012434708786832353,"[128, 128]",5,12,7.52621547727932e-05,COMPLETE
61,inf,2026-02-12 10:49:29.447688,2026-02-12 10:49:29.474965,0 days 00:00:00.027277,16,0.14851776195180127,0.28754355477030574,5,0.0011037659286382425,0.015749503187462946,"[64, 64, 64]",10,18,1.8294820733177416e-06,COMPLETE
62,inf,2026-02-12 10:49:29.725018,2026-02-12 10:49:29.759139,0 days 00:00:00.034121,16,0.2752603751641843,0.4247497534988879,5,5.457705471792554e-05,0.005211943225272668,"[64, 64]",5,24,2.8479055605120676e-05,COMPLETE
63,inf,2026-02-12 10:49:29.974655,2026-02-12 10:49:30.020173,0 days 00:00:00.045518,64,0.28427830423383293,0.4626910507914369,3,1.9974534652750033e-05,0.009788242785626573,"[64, 64, 64]",5,24,1.2325326285591046e-05,COMPLETE
64,inf,2026-02-12 10:49:30.236482,2026-02-12 10:49:30.267755,0 days 00:00:00.031273,16,0.1715558749931455,0.4826940365463672,2,9.730153891574305e-05,0.039413651830898434,[256],10,18,1.080178927568324e-05,COMPLETE
65,inf,2026-02-12 10:49:30.792030,2026-02-12 10:49:30.822456,0 days 00:00:00.030426,16,0.16942607325682082,0.42124686223618385,2,0.00025521721746166415,0.03353497629021079,"[64, 64, 64]",10,12,1.0456558796555568e-06,COMPLETE
66,inf,2026-02-12 10:49:31.041720,2026-02-12 10:49:31.388122,0 days 00:00:00.346402,64,0.3651207689460863,0.4535505599010468,5,0.003999433453058444,0.008690976232273582,"[256, 256, 256]",5,24,1.6865803271152758e-05,COMPLETE
67,inf,2026-02-12 10:49:31.390117,2026-02-12 10:49:31.424851,0 days 00:00:00.034734,64,0.2831931215254896,0.4315285706081654,3,0.00450560254871937,0.012287049870005475,"[128, 128, 128]",5,18,4.433250938126818e-06,COMPLETE
68,inf,2026-02-12 10:49:31.659103,2026-02-12 10:49:31.726225,0 days 00:00:00.067122,32,0.17282012120239665,0.4704129339188641,5,1.4740767150089196e-05,0.0071938156433508735,"[64, 64]",5,18,2.1259509587865165e-05,COMPLETE
69,inf,2026-02-12 10:49:31.670880,2026-02-12 10:49:31.714259,0 days 00:00:00.043379,64,0.3668270126083627,0.20360070658197882,5,0.0011537540831898147,0.0006530864338742788,"[256, 256, 256]",10,18,5.739899160763561e-05,COMPLETE
70,inf,2026-02-12 10:49:31.971156,2026-02-12 10:49:32.284410,0 days 00:00:00.313254,16,0.2666077188625706,0.48895855266069443,5,7.352180929171428e-05,0.012709536356800697,"[64, 64]",10,24,4.04391917720199e-06,COMPLETE
71,inf,2026-02-12 10:49:32.575696,2026-02-12 10:49:32.604616,0 days 00:00:00.028920,32,0.2055593727314204,0.39942342827771254,4,0.005823599115542081,0.04024786877417832,[128],5,18,5.088115796584497e-06,COMPLETE
72,inf,2026-02-12 10:49:32.866714,2026-02-12 10:49:33.121091,0 days 00:00:00.254377,32,0.3328982015595443,0.3897459728680709,4,0.004863300718107964,0.004397285071586478,"[128, 128]",5,18,5.895925747957206e-06,COMPLETE
73,inf,2026-02-12 10:49:33.123087,2026-02-12 10:49:33.387163,0 days 00:00:00.264076,64,0.2263744139567966,0.4956362301501364,5,1.6624372131154263e-05,0.010793143479353283,"[128, 128, 128]",5,24,1.256697255365413e-06,COMPLETE
74,inf,2026-02-12 10:49:33.143246,2026-02-12 10:49:33.428124,0 days 00:00:00.284878,16,0.1596665232847687,0.41574222564287955,5,0.0006833868978834964,0.00896934893664791,"[128, 128, 128]",10,18,5.4154280570753015e-05,COMPLETE
75,inf,2026-02-12 10:49:33.377534,2026-02-12 10:49:33.432429,0 days 00:00:00.054895,32,0.1362701469074672,0.41081180321044536,4,1.0514041712252785e-05,0.043767058214713196,"[128, 128, 128]",5,24,4.803537210117839e-06,COMPLETE
76,inf,2026-02-12 10:49:33.686527,2026-02-12 10:49:34.012293,0 days 00:00:00.325766,16,0.11163794753784057,0.3515322492383572,3,0.0005869550974153207,0.01613033297255859,"[256, 256, 256]",5,24,1.1548808275097078e-06,COMPLETE
77,inf,2026-02-12 10:49:33.985262,2026-02-12 10:49:34.023800,0 days 00:00:00.038538,32,0.3405863406343835,0.4907892535977353,4,0.0026047718817397147,0.011749943374065059,[128],5,18,2.7922122723864975e-06,COMPLETE
78,inf,2026-02-12 10:49:34.535452,2026-02-12 10:49:34.573328,0 days 00:00:00.037876,64,0.32972402038290194,0.47183446618480124,2,0.0005026532157571224,0.00938422710842108,[64],5,18,1.205109546394178e-05,COMPLETE
79,inf,2026-02-12 10:49:34.577321,2026-02-12 10:49:35.089712,0 days 00:00:00.512391,32,0.15456650693123453,0.4151211529847887,2,0.0007738151976010655,0.04634798352107487,[256],10,18,2.6081372703878193e-05,COMPLETE
80,inf,2026-02-12 10:49:34.827480,2026-02-12 10:49:35.112041,0 days 00:00:00.284561,16,0.13484635781328252,0.40956418944931117,3,1.0889815604417032e-05,0.005764221453650369,"[64, 64, 64]",5,24,1.0007210433607977e-06,COMPLETE
81,inf,2026-02-12 10:49:35.082712,2026-02-12 10:49:35.138422,0 days 00:00:00.055710,16,0.3206606726371841,0.45171824900367846,5,6.406920478630993e-05,0.026603661942792123,[256],5,24,1.8206716627853286e-05,COMPLETE
82,inf,2026-02-12 10:49:35.093508,2026-02-12 10:49:35.126388,0 days 00:00:00.032880,64,0.3268274449097371,0.4686168334072772,2,0.0017564462368061123,0.02618200662629404,"[256, 256, 256]",10,12,7.476679269810823e-06,COMPLETE
83,inf,2026-02-12 10:49:35.892760,2026-02-12 10:49:36.254054,0 days 00:00:00.361294,64,0.17318380298800082,0.3149073836488922,5,0.008258701295867208,0.0033114943719458295,"[256, 256]",10,18,1.366475342734624e-06,COMPLETE
84,inf,2026-02-12 10:49:35.895925,2026-02-12 10:49:36.255053,0 days 00:00:00.359128,64,0.15078937677028445,0.3196146400174542,5,0.009014114693086701,0.010974214221662082,[64],10,18,1.3445145212286265e-06,COMPLETE
85,inf,2026-02-12 10:49:36.258673,2026-02-12 10:49:36.279885,0 days 00:00:00.021212,16,0.17718824223704588,0.38305879626884654,4,3.3488951103322756e-05,0.024563225078410172,"[64, 64]",5,24,2.2938459465215732e-06,COMPLETE
86,inf,2026-02-12 10:49:36.519876,2026-02-12 10:49:36.552652,0 days 00:00:00.032776,32,0.28266756770889995,0.34440278664292767,4,0.0053086986025625525,0.01278399928297893,"[64, 64]",5,18,1.7481746094251088e-06,COMPLETE
87,inf,2026-02-12 10:49:36.792405,2026-02-12 10:49:37.164555,0 days 00:00:00.372150,32,0.35490868611895615,0.37538319426839206,2,0.009899441214125717,0.02888862625965369,"[128, 128, 128]",5,18,6.419978222575548e-06,COMPLETE
88,inf,2026-02-12 10:49:37.385154,2026-02-12 10:49:37.688479,0 days 00:00:00.303325,64,0.23496384159995948,0.4011107976395561,5,2.196562228073756e-05,0.031254818446218344,"[64, 64]",5,24,1.1443578950125009e-05,COMPLETE
89,inf,2026-02-12 10:49:37.420469,2026-02-12 10:49:37.990476,0 days 00:00:00.570007,64,0.39972186667926396,0.47436675573939724,5,0.0002888288383468145,0.033083390987983484,"[256, 256, 256]",5,18,5.007931562248527e-06,COMPLETE
90,inf,2026-02-12 10:49:37.714783,2026-02-12 10:49:38.054977,0 days 00:00:00.340194,64,0.1251927495284568,0.20666381534958306,4,0.00771906154002655,0.00973048091617768,"[128, 128, 128]",10,18,4.039511552007549e-06,COMPLETE
91,inf,2026-02-12 10:49:37.956816,2026-02-12 10:49:38.060959,0 days 00:00:00.104143,16,0.14326279463465635,0.4395754183950726,4,2.369236770323979e-05,0.004276640733283958,"[128, 128, 128]",5,24,2.810075733174161e-06,COMPLETE
92,inf,2026-02-12 10:49:37.988478,2026-02-12 10:49:38.290779,0 days 00:00:00.302301,32,0.2959487179700511,0.45953337793244087,2,1.0475181903910753e-05,0.0005042026319083728,[128],10,12,9.216152102219345e-05,COMPLETE
93,inf,2026-02-12 10:49:38.520299,2026-02-12 10:49:38.852192,0 days 00:00:00.331893,64,0.38438817567590866,0.4980091820168837,3,0.00041926158421514586,0.0007797415923875888,"[64, 64]",5,18,1.715523190836197e-05,COMPLETE
94,inf,2026-02-12 10:49:38.841681,2026-02-12 10:49:38.876557,0 days 00:00:00.034876,64,0.3764780522937668,0.42554477634317167,3,0.0007398939700303665,0.0010738434271152474,"[64, 64]",5,18,1.91462088943469e-05,COMPLETE
95,inf,2026-02-12 10:49:39.430270,2026-02-12 10:49:39.762043,0 days 00:00:00.331773,16,0.2326329046964116,0.4177586745641095,2,0.00011597904310858209,0.023940608174451837,[128],10,18,5.337193210187359e-05,COMPLETE
96,inf,2026-02-12 10:49:39.434039,2026-02-12 10:49:39.723896,0 days 00:00:00.289857,32,0.29979574439447143,0.38930549825547156,5,0.00029676859034270705,0.0005547680900057401,"[64, 64]",5,18,3.682608357329625e-05,COMPLETE
97,inf,2026-02-12 10:49:39.676303,2026-02-12 10:49:39.769043,0 days 00:00:00.092740,16,0.2657203153888446,0.4533839705557215,5,1.8888386615285663e-05,0.03253692612854201,"[64, 64]",5,18,2.079257263797293e-05,COMPLETE
