number,value,datetime_start,datetime_complete,duration,params_batch_size,params_dropout,params_factor,params_kernel_size,params_l1_lambda,params_lr,params_num_channels,params_patience,params_seq_len,params_wd,state
98,inf,2026-02-12 10:49:39.719900,2026-02-12 10:49:39.765043,0 days 00:00:00.045143,16,0.2941982800646762,0.3540579293041745,4,0.009679568703857886,0.03973138449201906,[128],5,18,1.223459828345206e-06,COMPLETE
99,inf,2026-02-12 10:49:40.494286,2026-02-12 10:49:40.518117,0 days 00:00:00.023831,16,0.32914968889093804,0.3986962014897348,4,1.2076517602980712e-05,0.027531454858506565,"[64, 64]",5,24,2.647584703232145e-05,COMPLETE
